<?xml version="1.0" encoding="UTF-8"?>
<!-- Generated by org.testng.reporters.JUnitReportReporter -->
<testsuite hostname="Mukeshs-MacBook-Air-2.local" failures="0" tests="1" name="report.SampleReport" time="0.955" errors="0" timestamp="2023-05-29T11:22:13 IST" skipped="0">
  <testcase classname="report.SampleReport" name="test1" time="0.955"/>
  <system-out/>
</testsuite> <!-- report.SampleReport -->
