<?xml version="1.0" encoding="UTF-8"?>
<!-- Generated by org.testng.reporters.JUnitReportReporter -->
<testsuite hostname="Mukeshs-MacBook-Air-2.local" failures="0" tests="1" name="com.learnautomation.framework.LoginTest" time="16.770" errors="0" timestamp="2023-06-02T10:48:47 IST" skipped="0">
  <testcase classname="com.learnautomation.framework.LoginTest" name="invaidLoginApplication" time="16.770"/>
  <system-out/>
</testsuite> <!-- com.learnautomation.framework.LoginTest -->
