<?xml version="1.0" encoding="UTF-8"?>
<!-- Generated by org.testng.reporters.JUnitReportReporter -->
<testsuite skipped="0" hostname="Mukeshs-MacBook-Air-2.local" name="com.learnautomation.framework.LoginTest" tests="1" failures="0" timestamp="2023-06-02T11:45:44 IST" time="19.905" errors="0">
  <testcase name="invaidLoginApplication" time="19.905" classname="com.learnautomation.framework.LoginTest"/>
  <system-out/>
</testsuite> <!-- com.learnautomation.framework.LoginTest -->
